<?xml version="1.0" encoding="UTF-8"?>
<testsuite xmlns:xsi="http://www.w3.org/2001/XMLSchema-instance" xsi:noNamespaceSchemaLocation="https://maven.apache.org/surefire/maven-surefire-plugin/xsd/surefire-test-report-3.0.xsd" version="3.0" name="org.sample.SortingTest" time="0.459" tests="7" errors="0" skipped="0" failures="0">
  <properties>
[...]
</properties>
  <testcase name="testLargeArrayPerformance" classname="org.sample.SortingTest" time="0.148">
    <system-out><![CDATA[Large Array (10,000 elements):
Bubble Sort Time: 64 ms
Selection Sort Time: 38 ms
Insertion Sort Time: 20 ms
Merge Sort Time: 2 ms
Quick Sort Time: 1 ms

]]></system-out>
  </testcase>
  <testcase name="testReverseSortedArrayPerformance" classname="org.sample.SortingTest" time="0.186">
    <system-out><![CDATA[Reverse Sorted Array (10,000 elements):
Reverse Sorted Array (10,000 elements):
Bubble Sort Time: 90 ms
Selection Sort Time: 38 ms
Insertion Sort Time: 33 ms
Merge Sort Time: 0 ms
Quick Sort Time: 21 ms

]]></system-out>
  </testcase>
  <testcase name="testVeryLargeArrayPerformance" classname="org.sample.SortingTest" time="0.022">
    <system-out><![CDATA[Very Large Array (100,000 elements):
Bubble Sort: Skipped (would take too long)
Selection Sort: Skipped (would take too long)
Insertion Sort: Skipped (would take too long)
Merge Sort Time: 11 ms
Quick Sort Time: 5 ms

]]></system-out>
  </testcase>
  <testcase name="testSortingCorrectness" classname="org.sample.SortingTest" time="0.007"/>
  <testcase name="testSmallArrayPerformance" classname="org.sample.SortingTest" time="0.005">
    <system-out><![CDATA[Small Array (100 elements):
Bubble Sort Time: 0 ms
Selection Sort Time: 0 ms
Insertion Sort Time: 0 ms
Merge Sort Time: 0 ms
Quick Sort Time: 0 ms

]]></system-out>
  </testcase>
  <testcase name="testMediumArrayPerformance" classname="org.sample.SortingTest" time="0.006">
    <system-out><![CDATA[Medium Array (1,000 elements):
Bubble Sort Time: 0 ms
Selection Sort Time: 1 ms
Insertion Sort Time: 0 ms
Merge Sort Time: 0 ms
Quick Sort Time: 0 ms

]]></system-out>
  </testcase>
  <testcase name="testSortedArrayPerformance" classname="org.sample.SortingTest" time="0.07">
    <system-out><![CDATA[Already Sorted Array (10,000 elements):
Bubble Sort Time: 0 ms
Selection Sort Time: 36 ms
Insertion Sort Time: 0 ms
Merge Sort Time: 0 ms
Quick Sort Time: 28 ms

]]></system-out>
  </testcase>
</testsuite>